d:\cg_study\cs184\go_cs184\p1-rasterizer\build\cgl\src\cgl.dir\debug\cgl.pdb
d:\cg_study\cs184\go_cs184\p1-rasterizer\build\cgl\src\cgl.dir\debug\path.obj
d:\cg_study\cs184\go_cs184\p1-rasterizer\build\cgl\src\cgl.dir\debug\tinyxml2.obj
d:\cg_study\cs184\go_cs184\p1-rasterizer\build\cgl\src\cgl.dir\debug\lodepng.obj
d:\cg_study\cs184\go_cs184\p1-rasterizer\build\cgl\src\cgl.dir\debug\base64.obj
d:\cg_study\cs184\go_cs184\p1-rasterizer\build\cgl\src\cgl.dir\debug\viewer.obj
d:\cg_study\cs184\go_cs184\p1-rasterizer\build\cgl\src\cgl.dir\debug\osdfont.obj
d:\cg_study\cs184\go_cs184\p1-rasterizer\build\cgl\src\cgl.dir\debug\osdtext.obj
d:\cg_study\cs184\go_cs184\p1-rasterizer\build\cgl\src\cgl.dir\debug\spectrum.obj
d:\cg_study\cs184\go_cs184\p1-rasterizer\build\cgl\src\cgl.dir\debug\color.obj
d:\cg_study\cs184\go_cs184\p1-rasterizer\build\cgl\src\cgl.dir\debug\complex.obj
d:\cg_study\cs184\go_cs184\p1-rasterizer\build\cgl\src\cgl.dir\debug\quaternion.obj
d:\cg_study\cs184\go_cs184\p1-rasterizer\build\cgl\src\cgl.dir\debug\matrix4x4.obj
d:\cg_study\cs184\go_cs184\p1-rasterizer\build\cgl\src\cgl.dir\debug\matrix3x3.obj
d:\cg_study\cs184\go_cs184\p1-rasterizer\build\cgl\src\cgl.dir\debug\vector4d.obj
d:\cg_study\cs184\go_cs184\p1-rasterizer\build\cgl\src\cgl.dir\debug\vector3d.obj
d:\cg_study\cs184\go_cs184\p1-rasterizer\build\cgl\src\cgl.dir\debug\vector2d.obj
d:\cg_study\cs184\p1-rasterizer\build\cgl\src\cmakefiles\generate.stamp
d:\cg_study\cs184\p1-rasterizer\build\cgl\src\debug\cgl.lib
d:\cg_study\cs184\p1-rasterizer\build\cgl\src\debug\cgl.pdb
d:\cg_study\cs184\go_cs184\p1-rasterizer\build\cgl\src\cgl.dir\debug\cgl.tlog\cl.command.1.tlog
d:\cg_study\cs184\go_cs184\p1-rasterizer\build\cgl\src\cgl.dir\debug\cgl.tlog\cl.read.1.tlog
d:\cg_study\cs184\go_cs184\p1-rasterizer\build\cgl\src\cgl.dir\debug\cgl.tlog\cl.write.1.tlog
d:\cg_study\cs184\go_cs184\p1-rasterizer\build\cgl\src\cgl.dir\debug\cgl.tlog\custombuild.command.1.tlog
d:\cg_study\cs184\go_cs184\p1-rasterizer\build\cgl\src\cgl.dir\debug\cgl.tlog\custombuild.read.1.tlog
d:\cg_study\cs184\go_cs184\p1-rasterizer\build\cgl\src\cgl.dir\debug\cgl.tlog\custombuild.write.1.tlog
d:\cg_study\cs184\go_cs184\p1-rasterizer\build\cgl\src\cgl.dir\debug\cgl.tlog\lib-link.read.1.tlog
d:\cg_study\cs184\go_cs184\p1-rasterizer\build\cgl\src\cgl.dir\debug\cgl.tlog\lib-link.write.1.tlog
d:\cg_study\cs184\go_cs184\p1-rasterizer\build\cgl\src\cgl.dir\debug\cgl.tlog\lib.command.1.tlog
