  Building Custom Rule D:/cg_study/cs184/p1-rasterizer/CGL/src/CMakeLists.txt
cl : 명령줄 warning D9002: 알 수 없는 '-std=c++11' 옵션을 무시합니다.
cl : 명령줄 warning D9002: 알 수 없는 '-std=c++11' 옵션을 무시합니다.
  vector2D.cpp
  vector3D.cpp
  vector4D.cpp
  matrix3x3.cpp
  matrix4x4.cpp
  quaternion.cpp
  complex.cpp
  color.cpp
D:\cg_study\cs184\p1-rasterizer\CGL\src\color.cpp(17,26): warning C4305: '초기화 중': 'double'에서 'float'(으)로 잘립니다.
D:\cg_study\cs184\p1-rasterizer\CGL\src\color.cpp(40,45): warning C4244: '=': 'double'에서 'float'(으)로 변환하면서 데이터가 손실될 수 있습니다.
D:\cg_study\cs184\p1-rasterizer\CGL\src\color.cpp(41,45): warning C4244: '=': 'double'에서 'float'(으)로 변환하면서 데이터가 손실될 수 있습니다.
D:\cg_study\cs184\p1-rasterizer\CGL\src\color.cpp(42,45): warning C4244: '=': 'double'에서 'float'(으)로 변환하면서 데이터가 손실될 수 있습니다.
  spectrum.cpp
  osdtext.cpp
  osdfont.cpp
  viewer.cpp
D:\cg_study\cs184\p1-rasterizer\CGL\src\viewer.cpp(129,68): warning C4305: '인수': 'double'에서 'float'(으)로 잘립니다.
D:\cg_study\cs184\p1-rasterizer\CGL\src\viewer.cpp(129,69): warning C4305: '인수': 'double'에서 'float'(으)로 잘립니다.
D:\cg_study\cs184\p1-rasterizer\CGL\src\viewer.cpp(131,68): warning C4305: '인수': 'double'에서 'float'(으)로 잘립니다.
D:\cg_study\cs184\p1-rasterizer\CGL\src\viewer.cpp(131,69): warning C4305: '인수': 'double'에서 'float'(으)로 잘립니다.
D:\cg_study\cs184\p1-rasterizer\CGL\src\viewer.cpp(184,54): warning C4305: '인수': 'double'에서 'float'(으)로 잘립니다.
D:\cg_study\cs184\p1-rasterizer\CGL\src\viewer.cpp(184,79): warning C4305: '인수': 'double'에서 'float'(으)로 잘립니다.
D:\cg_study\cs184\p1-rasterizer\CGL\src\viewer.cpp(244,20): warning C4244: '초기화 중': 'double'에서 'float'(으)로 변환하면서 데이터가 손실될 수 있습니다.
D:\cg_study\cs184\p1-rasterizer\CGL\src\viewer.cpp(245,20): warning C4244: '초기화 중': 'double'에서 'float'(으)로 변환하면서 데이터가 손실될 수 있습니다.
D:\cg_study\cs184\p1-rasterizer\CGL\src\viewer.cpp(248,20): warning C4244: '초기화 중': 'double'에서 'float'(으)로 변환하면서 데이터가 손실될 수 있습니다.
D:\cg_study\cs184\p1-rasterizer\CGL\src\viewer.cpp(249,20): warning C4244: '초기화 중': 'double'에서 'float'(으)로 변환하면서 데이터가 손실될 수 있습니다.
D:\cg_study\cs184\p1-rasterizer\CGL\src\viewer.cpp(257,35): warning C4244: '인수': 'double'에서 'float'(으)로 변환하면서 데이터가 손실될 수 있습니다.
D:\cg_study\cs184\p1-rasterizer\CGL\src\viewer.cpp(257,26): warning C4244: '인수': 'double'에서 'float'(으)로 변환하면서 데이터가 손실될 수 있습니다.
  base64.cpp
D:\cg_study\cs184\p1-rasterizer\CGL\src\base64.cpp(96,61): warning C4267: '=': 'size_t'에서 'unsigned char'(으)로 변환하면서 데이터가 손실될 수 있습니다.
D:\cg_study\cs184\p1-rasterizer\CGL\src\base64.cpp(113,59): warning C4267: '=': 'size_t'에서 'unsigned char'(으)로 변환하면서 데이터가 손실될 수 있습니다.
  lodepng.cpp
  tinyxml2.cpp
  path.cpp
  코드를 생성하고 있습니다...
  CGL.vcxproj -> D:\cg_study\cs184\p1-rasterizer\build\CGL\src\Debug\CGL.lib
