d:\cg_study\cs184\p1-rasterizer\build\src\draw.dir\debug\vc142.pdb
d:\cg_study\cs184\p1-rasterizer\build\src\draw.dir\debug\main.obj
d:\cg_study\cs184\p1-rasterizer\build\src\draw.dir\debug\svg.obj
d:\cg_study\cs184\p1-rasterizer\build\src\draw.dir\debug\drawrend.obj
d:\cg_study\cs184\p1-rasterizer\build\src\draw.dir\debug\transforms.obj
d:\cg_study\cs184\p1-rasterizer\build\src\draw.dir\debug\svgparser.obj
d:\cg_study\cs184\p1-rasterizer\build\src\draw.dir\debug\triangulation.obj
d:\cg_study\cs184\p1-rasterizer\build\src\draw.dir\debug\texture.obj
d:\cg_study\cs184\p1-rasterizer\build\src\draw.dir\debug\dirent.obj
d:\cg_study\cs184\p1-rasterizer\build\src\cmakefiles\generate.stamp
d:\cg_study\cs184\p1-rasterizer\build\debug\draw.ilk
d:\cg_study\cs184\p1-rasterizer\build\debug\draw.exe
d:\cg_study\cs184\p1-rasterizer\build\debug\draw.pdb
d:\cg_study\cs184\p1-rasterizer\build\src\draw.dir\debug\draw.tlog\cl.command.1.tlog
d:\cg_study\cs184\p1-rasterizer\build\src\draw.dir\debug\draw.tlog\cl.read.1.tlog
d:\cg_study\cs184\p1-rasterizer\build\src\draw.dir\debug\draw.tlog\cl.write.1.tlog
d:\cg_study\cs184\p1-rasterizer\build\src\draw.dir\debug\draw.tlog\custombuild.command.1.tlog
d:\cg_study\cs184\p1-rasterizer\build\src\draw.dir\debug\draw.tlog\custombuild.read.1.tlog
d:\cg_study\cs184\p1-rasterizer\build\src\draw.dir\debug\draw.tlog\custombuild.write.1.tlog
d:\cg_study\cs184\p1-rasterizer\build\src\draw.dir\debug\draw.tlog\link.command.1.tlog
d:\cg_study\cs184\p1-rasterizer\build\src\draw.dir\debug\draw.tlog\link.read.1.tlog
d:\cg_study\cs184\p1-rasterizer\build\src\draw.dir\debug\draw.tlog\link.write.1.tlog
