  Building Custom Rule D:/cg_study/cs184/p1-rasterizer/src/CMakeLists.txt
cl : 명령줄 warning D9002: 알 수 없는 '-std=c++11' 옵션을 무시합니다.
  texture.cpp
D:\cg_study\cs184\p1-rasterizer\src\texture.cpp(57,18): warning C4018: '>=': signed 또는 unsigned가 일치하지 않습니다.
D:\cg_study\cs184\p1-rasterizer\src\texture.cpp(136,25): warning C4018: '<': signed 또는 unsigned가 일치하지 않습니다.
D:\cg_study\cs184\p1-rasterizer\src\texture.cpp(158,25): warning C4018: '<': signed 또는 unsigned가 일치하지 않습니다.
D:\cg_study\cs184\p1-rasterizer\src\texture.cpp(178,25): warning C4018: '<': signed 또는 unsigned가 일치하지 않습니다.
D:\cg_study\cs184\p1-rasterizer\src\texture.cpp(183,27): warning C4018: '<': signed 또는 unsigned가 일치하지 않습니다.
  triangulation.cpp
D:\cg_study\cs184\p1-rasterizer\src\svg.h(182,23): warning C4018: '<': signed 또는 unsigned가 일치하지 않습니다.
D:\cg_study\cs184\p1-rasterizer\src\triangulation.cpp(45,67): warning C4244: '+=': 'double'에서 'float'(으)로 변환하면서 데이터가 손실될 수 있습니다.
D:\cg_study\cs184\p1-rasterizer\src\triangulation.cpp(56,21): warning C4244: '=': 'const double'에서 'float'(으)로 변환하면서 데이터가 손실될 수 있습니다.
D:\cg_study\cs184\p1-rasterizer\src\triangulation.cpp(57,21): warning C4244: '=': 'const double'에서 'float'(으)로 변환하면서 데이터가 손실될 수 있습니다.
D:\cg_study\cs184\p1-rasterizer\src\triangulation.cpp(59,21): warning C4244: '=': 'const double'에서 'float'(으)로 변환하면서 데이터가 손실될 수 있습니다.
D:\cg_study\cs184\p1-rasterizer\src\triangulation.cpp(60,21): warning C4244: '=': 'const double'에서 'float'(으)로 변환하면서 데이터가 손실될 수 있습니다.
D:\cg_study\cs184\p1-rasterizer\src\triangulation.cpp(62,21): warning C4244: '=': 'const double'에서 'float'(으)로 변환하면서 데이터가 손실될 수 있습니다.
D:\cg_study\cs184\p1-rasterizer\src\triangulation.cpp(63,21): warning C4244: '=': 'const double'에서 'float'(으)로 변환하면서 데이터가 손실될 수 있습니다.
D:\cg_study\cs184\p1-rasterizer\src\triangulation.cpp(69,23): warning C4244: '=': 'const double'에서 'float'(으)로 변환하면서 데이터가 손실될 수 있습니다.
D:\cg_study\cs184\p1-rasterizer\src\triangulation.cpp(70,23): warning C4244: '=': 'const double'에서 'float'(으)로 변환하면서 데이터가 손실될 수 있습니다.
  svgparser.cpp
D:\cg_study\cs184\p1-rasterizer\src\svg.h(182,23): warning C4018: '<': signed 또는 unsigned가 일치하지 않습니다.
D:\cg_study\cs184\p1-rasterizer\src\svgparser.cpp(279,21): warning C4018: '<': signed 또는 unsigned가 일치하지 않습니다.
D:\cg_study\cs184\p1-rasterizer\src\svgparser.cpp(280,23): warning C4018: '<': signed 또는 unsigned가 일치하지 않습니다.
D:\cg_study\cs184\p1-rasterizer\src\svgparser.cpp(370,21): warning C4018: '<': signed 또는 unsigned가 일치하지 않습니다.
D:\cg_study\cs184\p1-rasterizer\src\svgparser.cpp(371,23): warning C4018: '<': signed 또는 unsigned가 일치하지 않습니다.
  transforms.cpp
  drawrend.cpp
D:\cg_study\cs184\p1-rasterizer\src\svg.h(182,23): warning C4018: '<': signed 또는 unsigned가 일치하지 않습니다.
D:\cg_study\cs184\p1-rasterizer\src\drawrend.h(106,18): warning C4244: '=': 'float'에서 '_Ty'(으)로 변환하면서 데이터가 손실될 수 있습니다.
          with
          [
              _Ty=unsigned char
          ]
D:\cg_study\cs184\p1-rasterizer\src\drawrend.h(107,18): warning C4244: '=': 'float'에서 '_Ty'(으)로 변환하면서 데이터가 손실될 수 있습니다.
          with
          [
              _Ty=unsigned char
          ]
D:\cg_study\cs184\p1-rasterizer\src\drawrend.h(108,18): warning C4244: '=': 'float'에서 '_Ty'(으)로 변환하면서 데이터가 손실될 수 있습니다.
          with
          [
              _Ty=unsigned char
          ]
D:\cg_study\cs184\p1-rasterizer\src\drawrend.h(113,25): warning C4018: '<': signed 또는 unsigned가 일치하지 않습니다.
D:\cg_study\cs184\p1-rasterizer\src\drawrend.h(114,27): warning C4018: '<': signed 또는 unsigned가 일치하지 않습니다.
D:\cg_study\cs184\p1-rasterizer\src\drawrend.h(125,27): warning C4018: '<': signed 또는 unsigned가 일치하지 않습니다.
D:\cg_study\cs184\p1-rasterizer\src\drawrend.h(126,29): warning C4018: '<': signed 또는 unsigned가 일치하지 않습니다.
D:\cg_study\cs184\p1-rasterizer\src\drawrend.h(135,25): warning C4018: '<': signed 또는 unsigned가 일치하지 않습니다.
D:\cg_study\cs184\p1-rasterizer\src\drawrend.h(138,25): warning C4018: '<': signed 또는 unsigned가 일치하지 않습니다.
D:\cg_study\cs184\p1-rasterizer\src\drawrend.h(149,23): warning C4018: '<': signed 또는 unsigned가 일치하지 않습니다.
D:\cg_study\cs184\p1-rasterizer\src\drawrend.h(150,25): warning C4018: '<': signed 또는 unsigned가 일치하지 않습니다.
D:\cg_study\cs184\p1-rasterizer\src\drawrend.h(153,62): warning C4244: '=': 'float'에서 '_Ty'(으)로 변환하면서 데이터가 손실될 수 있습니다.
          with
          [
              _Ty=unsigned char
          ]
D:\cg_study\cs184\p1-rasterizer\src\drawrend.cpp(33,21): warning C4018: '<': signed 또는 unsigned가 일치하지 않습니다.
D:\cg_study\cs184\p1-rasterizer\src\drawrend.cpp(66,65): warning C4244: '인수': 'double'에서 'size_t'(으)로 변환하면서 데이터가 손실될 수 있습니다.
D:\cg_study\cs184\p1-rasterizer\src\drawrend.cpp(67,21): warning C4018: '<': signed 또는 unsigned가 일치하지 않습니다.
D:\cg_study\cs184\p1-rasterizer\src\drawrend.cpp(70,15): warning C4244: '초기화 중': 'const _Ty'에서 'float'(으)로 변환하면서 데이터가 손실될 수 있습니다.
          with
          [
              _Ty=size_t
          ]
D:\cg_study\cs184\p1-rasterizer\src\drawrend.cpp(126,17): warning C4244: '초기화 중': 'double'에서 'float'(으)로 변환하면서 데이터가 손실될 수 있습니다.
D:\cg_study\cs184\p1-rasterizer\src\drawrend.cpp(169,43): warning C4018: '<': signed 또는 unsigned가 일치하지 않습니다.
D:\cg_study\cs184\p1-rasterizer\src\drawrend.cpp(186,49): warning C4244: '=': 'double'에서 'int'(으)로 변환하면서 데이터가 손실될 수 있습니다.
D:\cg_study\cs184\p1-rasterizer\src\drawrend.cpp(189,71): warning C4244: '인수': 'double'에서 'size_t'(으)로 변환하면서 데이터가 손실될 수 있습니다.
D:\cg_study\cs184\p1-rasterizer\src\drawrend.cpp(190,27): warning C4018: '<': signed 또는 unsigned가 일치하지 않습니다.
D:\cg_study\cs184\p1-rasterizer\src\drawrend.cpp(197,49): warning C4244: '=': 'double'에서 'int'(으)로 변환하면서 데이터가 손실될 수 있습니다.
D:\cg_study\cs184\p1-rasterizer\src\drawrend.cpp(200,71): warning C4244: '인수': 'double'에서 'size_t'(으)로 변환하면서 데이터가 손실될 수 있습니다.
D:\cg_study\cs184\p1-rasterizer\src\drawrend.cpp(201,27): warning C4018: '<': signed 또는 unsigned가 일치하지 않습니다.
D:\cg_study\cs184\p1-rasterizer\src\drawrend.cpp(251,27): warning C4018: '<': signed 또는 unsigned가 일치하지 않습니다.
D:\cg_study\cs184\p1-rasterizer\src\drawrend.cpp(255,1): warning C4996: 'localtime': This function or variable may be unsafe. Consider using localtime_s instead. To disable deprecation, use _CRT_SECURE_NO_WARNINGS. See online help for details.
C:\Program Files (x86)\Windows Kits\10\Include\10.0.18362.0\ucrt\time.h(506): message : 'localtime' 선언을 참조하십시오.
D:\cg_study\cs184\p1-rasterizer\src\drawrend.cpp(279,21): warning C4018: '<': signed 또는 unsigned가 일치하지 않습니다.
D:\cg_study\cs184\p1-rasterizer\src\drawrend.cpp(280,23): warning C4018: '<': signed 또는 unsigned가 일치하지 않습니다.
D:\cg_study\cs184\p1-rasterizer\src\drawrend.cpp(301,21): warning C4018: '<': signed 또는 unsigned가 일치하지 않습니다.
D:\cg_study\cs184\p1-rasterizer\src\drawrend.cpp(302,23): warning C4018: '<': signed 또는 unsigned가 일치하지 않습니다.
D:\cg_study\cs184\p1-rasterizer\src\drawrend.cpp(314,34): warning C4244: '인수': 'double'에서 'float'(으)로 변환하면서 데이터가 손실될 수 있습니다.
D:\cg_study\cs184\p1-rasterizer\src\drawrend.cpp(314,29): warning C4244: '인수': 'double'에서 'float'(으)로 변환하면서 데이터가 손실될 수 있습니다.
D:\cg_study\cs184\p1-rasterizer\src\drawrend.cpp(314,24): warning C4244: '인수': 'double'에서 'float'(으)로 변환하면서 데이터가 손실될 수 있습니다.
D:\cg_study\cs184\p1-rasterizer\src\drawrend.cpp(314,19): warning C4244: '인수': 'double'에서 'float'(으)로 변환하면서 데이터가 손실될 수 있습니다.
D:\cg_study\cs184\p1-rasterizer\src\drawrend.cpp(315,34): warning C4244: '인수': 'double'에서 'float'(으)로 변환하면서 데이터가 손실될 수 있습니다.
D:\cg_study\cs184\p1-rasterizer\src\drawrend.cpp(315,29): warning C4244: '인수': 'double'에서 'float'(으)로 변환하면서 데이터가 손실될 수 있습니다.
D:\cg_study\cs184\p1-rasterizer\src\drawrend.cpp(315,24): warning C4244: '인수': 'double'에서 'float'(으)로 변환하면서 데이터가 손실될 수 있습니다.
D:\cg_study\cs184\p1-rasterizer\src\drawrend.cpp(315,19): warning C4244: '인수': 'double'에서 'float'(으)로 변환하면서 데이터가 손실될 수 있습니다.
D:\cg_study\cs184\p1-rasterizer\src\drawrend.cpp(316,34): warning C4244: '인수': 'double'에서 'float'(으)로 변환하면서 데이터가 손실될 수 있습니다.
D:\cg_study\cs184\p1-rasterizer\src\drawrend.cpp(316,29): warning C4244: '인수': 'double'에서 'float'(으)로 변환하면서 데이터가 손실될 수 있습니다.
D:\cg_study\cs184\p1-rasterizer\src\drawrend.cpp(316,24): warning C4244: '인수': 'double'에서 'float'(으)로 변환하면서 데이터가 손실될 수 있습니다.
D:\cg_study\cs184\p1-rasterizer\src\drawrend.cpp(316,19): warning C4244: '인수': 'double'에서 'float'(으)로 변환하면서 데이터가 손실될 수 있습니다.
D:\cg_study\cs184\p1-rasterizer\src\drawrend.cpp(317,34): warning C4244: '인수': 'double'에서 'float'(으)로 변환하면서 데이터가 손실될 수 있습니다.
D:\cg_study\cs184\p1-rasterizer\src\drawrend.cpp(317,29): warning C4244: '인수': 'double'에서 'float'(으)로 변환하면서 데이터가 손실될 수 있습니다.
D:\cg_study\cs184\p1-rasterizer\src\drawrend.cpp(317,24): warning C4244: '인수': 'double'에서 'float'(으)로 변환하면서 데이터가 손실될 수 있습니다.
D:\cg_study\cs184\p1-rasterizer\src\drawrend.cpp(317,19): warning C4244: '인수': 'double'에서 'float'(으)로 변환하면서 데이터가 손실될 수 있습니다.
D:\cg_study\cs184\p1-rasterizer\src\drawrend.cpp(369,37): warning C4244: '=': 'double'에서 'size_t'(으)로 변환하면서 데이터가 손실될 수 있습니다.
D:\cg_study\cs184\p1-rasterizer\src\drawrend.cpp(392,21): warning C4018: '<': signed 또는 unsigned가 일치하지 않습니다.
D:\cg_study\cs184\p1-rasterizer\src\drawrend.cpp(394,22): warning C4018: '<': signed 또는 unsigned가 일치하지 않습니다.
D:\cg_study\cs184\p1-rasterizer\src\drawrend.cpp(398,25): warning C4018: '<': signed 또는 unsigned가 일치하지 않습니다.
D:\cg_study\cs184\p1-rasterizer\src\drawrend.cpp(399,27): warning C4018: '<': signed 또는 unsigned가 일치하지 않습니다.
D:\cg_study\cs184\p1-rasterizer\src\drawrend.cpp(403,33): warning C4305: '초기화 중': 'double'에서 'float'(으)로 잘립니다.
D:\cg_study\cs184\p1-rasterizer\src\drawrend.cpp(434,42): warning C4244: '인수': 'double'에서 'float'(으)로 변환하면서 데이터가 손실될 수 있습니다.
D:\cg_study\cs184\p1-rasterizer\src\drawrend.cpp(453,14): warning C4244: '초기화 중': 'double'에서 'float'(으)로 변환하면서 데이터가 손실될 수 있습니다.
D:\cg_study\cs184\p1-rasterizer\src\drawrend.cpp(454,11): warning C4244: '초기화 중': 'double'에서 'float'(으)로 변환하면서 데이터가 손실될 수 있습니다.
D:\cg_study\cs184\p1-rasterizer\src\drawrend.cpp(454,30): warning C4244: '초기화 중': 'double'에서 'float'(으)로 변환하면서 데이터가 손실될 수 있습니다.
D:\cg_study\cs184\p1-rasterizer\src\drawrend.cpp(465,21): warning C4018: '>=': signed 또는 unsigned가 일치하지 않습니다.
D:\cg_study\cs184\p1-rasterizer\src\drawrend.cpp(466,21): warning C4018: '>=': signed 또는 unsigned가 일치하지 않습니다.
D:\cg_study\cs184\p1-rasterizer\src\drawrend.cpp(519,15): warning C4244: '초기화 중': 'const _Ty'에서 'int'(으)로 변환하면서 데이터가 손실될 수 있습니다.
          with
          [
              _Ty=float
          ]
D:\cg_study\cs184\p1-rasterizer\src\drawrend.cpp(520,15): warning C4244: '초기화 중': 'const _Ty'에서 'int'(으)로 변환하면서 데이터가 손실될 수 있습니다.
          with
          [
              _Ty=float
          ]
D:\cg_study\cs184\p1-rasterizer\src\drawrend.cpp(522,15): warning C4244: '초기화 중': 'const _Ty'에서 'int'(으)로 변환하면서 데이터가 손실될 수 있습니다.
          with
          [
              _Ty=float
          ]
D:\cg_study\cs184\p1-rasterizer\src\drawrend.cpp(523,15): warning C4244: '초기화 중': 'const _Ty'에서 'int'(으)로 변환하면서 데이터가 손실될 수 있습니다.
          with
          [
              _Ty=float
          ]
  svg.cpp
D:\cg_study\cs184\p1-rasterizer\src\svg.h(182,23): warning C4018: '<': signed 또는 unsigned가 일치하지 않습니다.
D:\cg_study\cs184\p1-rasterizer\src\drawrend.h(106,18): warning C4244: '=': 'float'에서 '_Ty'(으)로 변환하면서 데이터가 손실될 수 있습니다.
          with
          [
              _Ty=unsigned char
          ]
D:\cg_study\cs184\p1-rasterizer\src\drawrend.h(107,18): warning C4244: '=': 'float'에서 '_Ty'(으)로 변환하면서 데이터가 손실될 수 있습니다.
          with
          [
              _Ty=unsigned char
          ]
D:\cg_study\cs184\p1-rasterizer\src\drawrend.h(108,18): warning C4244: '=': 'float'에서 '_Ty'(으)로 변환하면서 데이터가 손실될 수 있습니다.
          with
          [
              _Ty=unsigned char
          ]
D:\cg_study\cs184\p1-rasterizer\src\drawrend.h(113,25): warning C4018: '<': signed 또는 unsigned가 일치하지 않습니다.
D:\cg_study\cs184\p1-rasterizer\src\drawrend.h(114,27): warning C4018: '<': signed 또는 unsigned가 일치하지 않습니다.
D:\cg_study\cs184\p1-rasterizer\src\drawrend.h(125,27): warning C4018: '<': signed 또는 unsigned가 일치하지 않습니다.
D:\cg_study\cs184\p1-rasterizer\src\drawrend.h(126,29): warning C4018: '<': signed 또는 unsigned가 일치하지 않습니다.
D:\cg_study\cs184\p1-rasterizer\src\drawrend.h(135,25): warning C4018: '<': signed 또는 unsigned가 일치하지 않습니다.
D:\cg_study\cs184\p1-rasterizer\src\drawrend.h(138,25): warning C4018: '<': signed 또는 unsigned가 일치하지 않습니다.
D:\cg_study\cs184\p1-rasterizer\src\drawrend.h(149,23): warning C4018: '<': signed 또는 unsigned가 일치하지 않습니다.
D:\cg_study\cs184\p1-rasterizer\src\drawrend.h(150,25): warning C4018: '<': signed 또는 unsigned가 일치하지 않습니다.
D:\cg_study\cs184\p1-rasterizer\src\drawrend.h(153,62): warning C4244: '=': 'float'에서 '_Ty'(으)로 변환하면서 데이터가 손실될 수 있습니다.
          with
          [
              _Ty=unsigned char
          ]
D:\cg_study\cs184\p1-rasterizer\src\svg.cpp(39,83): warning C4244: '인수': 'double'에서 'float'(으)로 변환하면서 데이터가 손실될 수 있습니다.
D:\cg_study\cs184\p1-rasterizer\src\svg.cpp(39,73): warning C4244: '인수': 'double'에서 'float'(으)로 변환하면서 데이터가 손실될 수 있습니다.
D:\cg_study\cs184\p1-rasterizer\src\svg.cpp(39,63): warning C4244: '인수': 'double'에서 'float'(으)로 변환하면서 데이터가 손실될 수 있습니다.
D:\cg_study\cs184\p1-rasterizer\src\svg.cpp(39,53): warning C4244: '인수': 'double'에서 'float'(으)로 변환하면서 데이터가 손실될 수 있습니다.
D:\cg_study\cs184\p1-rasterizer\src\svg.cpp(39,43): warning C4244: '인수': 'double'에서 'float'(으)로 변환하면서 데이터가 손실될 수 있습니다.
D:\cg_study\cs184\p1-rasterizer\src\svg.cpp(39,33): warning C4244: '인수': 'double'에서 'float'(으)로 변환하면서 데이터가 손실될 수 있습니다.
D:\cg_study\cs184\p1-rasterizer\src\svg.cpp(69,21): warning C4018: '<': signed 또는 unsigned가 일치하지 않습니다.
D:\cg_study\cs184\p1-rasterizer\src\svg.cpp(76,29): warning C4244: '인수': 'double'에서 'float'(으)로 변환하면서 데이터가 손실될 수 있습니다.
D:\cg_study\cs184\p1-rasterizer\src\svg.cpp(76,24): warning C4244: '인수': 'double'에서 'float'(으)로 변환하면서 데이터가 손실될 수 있습니다.
D:\cg_study\cs184\p1-rasterizer\src\svg.cpp(84,40): warning C4244: '인수': 'double'에서 'float'(으)로 변환하면서 데이터가 손실될 수 있습니다.
D:\cg_study\cs184\p1-rasterizer\src\svg.cpp(84,35): warning C4244: '인수': 'double'에서 'float'(으)로 변환하면서 데이터가 손실될 수 있습니다.
D:\cg_study\cs184\p1-rasterizer\src\svg.cpp(84,30): warning C4244: '인수': 'double'에서 'float'(으)로 변환하면서 데이터가 손실될 수 있습니다.
D:\cg_study\cs184\p1-rasterizer\src\svg.cpp(84,25): warning C4244: '인수': 'double'에서 'float'(으)로 변환하면서 데이터가 손실될 수 있습니다.
D:\cg_study\cs184\p1-rasterizer\src\svg.cpp(97,45): warning C4244: '인수': 'double'에서 'float'(으)로 변환하면서 데이터가 손실될 수 있습니다.
D:\cg_study\cs184\p1-rasterizer\src\svg.cpp(97,39): warning C4244: '인수': 'double'에서 'float'(으)로 변환하면서 데이터가 손실될 수 있습니다.
D:\cg_study\cs184\p1-rasterizer\src\svg.cpp(97,33): warning C4244: '인수': 'double'에서 'float'(으)로 변환하면서 데이터가 손실될 수 있습니다.
D:\cg_study\cs184\p1-rasterizer\src\svg.cpp(97,27): warning C4244: '인수': 'double'에서 'float'(으)로 변환하면서 데이터가 손실될 수 있습니다.
D:\cg_study\cs184\p1-rasterizer\src\svg.cpp(107,11): warning C4244: '초기화 중': 'double'에서 'float'(으)로 변환하면서 데이터가 손실될 수 있습니다.
D:\cg_study\cs184\p1-rasterizer\src\svg.cpp(107,28): warning C4244: '초기화 중': 'double'에서 'float'(으)로 변환하면서 데이터가 손실될 수 있습니다.
D:\cg_study\cs184\p1-rasterizer\src\svg.cpp(108,11): warning C4244: '초기화 중': 'double'에서 'float'(으)로 변환하면서 데이터가 손실될 수 있습니다.
D:\cg_study\cs184\p1-rasterizer\src\svg.cpp(108,28): warning C4244: '초기화 중': 'double'에서 'float'(으)로 변환하면서 데이터가 손실될 수 있습니다.
D:\cg_study\cs184\p1-rasterizer\src\svg.cpp(117,59): warning C4244: '인수': 'double'에서 'float'(으)로 변환하면서 데이터가 손실될 수 있습니다.
D:\cg_study\cs184\p1-rasterizer\src\svg.cpp(117,53): warning C4244: '인수': 'double'에서 'float'(으)로 변환하면서 데이터가 손실될 수 있습니다.
D:\cg_study\cs184\p1-rasterizer\src\svg.cpp(117,47): warning C4244: '인수': 'double'에서 'float'(으)로 변환하면서 데이터가 손실될 수 있습니다.
D:\cg_study\cs184\p1-rasterizer\src\svg.cpp(117,41): warning C4244: '인수': 'double'에서 'float'(으)로 변환하면서 데이터가 손실될 수 있습니다.
D:\cg_study\cs184\p1-rasterizer\src\svg.cpp(117,35): warning C4244: '인수': 'double'에서 'float'(으)로 변환하면서 데이터가 손실될 수 있습니다.
D:\cg_study\cs184\p1-rasterizer\src\svg.cpp(117,29): warning C4244: '인수': 'double'에서 'float'(으)로 변환하면서 데이터가 손실될 수 있습니다.
D:\cg_study\cs184\p1-rasterizer\src\svg.cpp(118,59): warning C4244: '인수': 'double'에서 'float'(으)로 변환하면서 데이터가 손실될 수 있습니다.
D:\cg_study\cs184\p1-rasterizer\src\svg.cpp(118,53): warning C4244: '인수': 'double'에서 'float'(으)로 변환하면서 데이터가 손실될 수 있습니다.
D:\cg_study\cs184\p1-rasterizer\src\svg.cpp(118,47): warning C4244: '인수': 'double'에서 'float'(으)로 변환하면서 데이터가 손실될 수 있습니다.
D:\cg_study\cs184\p1-rasterizer\src\svg.cpp(118,41): warning C4244: '인수': 'double'에서 'float'(으)로 변환하면서 데이터가 손실될 수 있습니다.
D:\cg_study\cs184\p1-rasterizer\src\svg.cpp(118,35): warning C4244: '인수': 'double'에서 'float'(으)로 변환하면서 데이터가 손실될 수 있습니다.
D:\cg_study\cs184\p1-rasterizer\src\svg.cpp(118,29): warning C4244: '인수': 'double'에서 'float'(으)로 변환하면서 데이터가 손실될 수 있습니다.
D:\cg_study\cs184\p1-rasterizer\src\svg.cpp(123,45): warning C4244: '인수': 'double'에서 'float'(으)로 변환하면서 데이터가 손실될 수 있습니다.
D:\cg_study\cs184\p1-rasterizer\src\svg.cpp(123,39): warning C4244: '인수': 'double'에서 'float'(으)로 변환하면서 데이터가 손실될 수 있습니다.
D:\cg_study\cs184\p1-rasterizer\src\svg.cpp(123,33): warning C4244: '인수': 'double'에서 'float'(으)로 변환하면서 데이터가 손실될 수 있습니다.
D:\cg_study\cs184\p1-rasterizer\src\svg.cpp(123,27): warning C4244: '인수': 'double'에서 'float'(으)로 변환하면서 데이터가 손실될 수 있습니다.
D:\cg_study\cs184\p1-rasterizer\src\svg.cpp(124,45): warning C4244: '인수': 'double'에서 'float'(으)로 변환하면서 데이터가 손실될 수 있습니다.
D:\cg_study\cs184\p1-rasterizer\src\svg.cpp(124,39): warning C4244: '인수': 'double'에서 'float'(으)로 변환하면서 데이터가 손실될 수 있습니다.
D:\cg_study\cs184\p1-rasterizer\src\svg.cpp(124,33): warning C4244: '인수': 'double'에서 'float'(으)로 변환하면서 데이터가 손실될 수 있습니다.
D:\cg_study\cs184\p1-rasterizer\src\svg.cpp(124,27): warning C4244: '인수': 'double'에서 'float'(으)로 변환하면서 데이터가 손실될 수 있습니다.
D:\cg_study\cs184\p1-rasterizer\src\svg.cpp(125,45): warning C4244: '인수': 'double'에서 'float'(으)로 변환하면서 데이터가 손실될 수 있습니다.
D:\cg_study\cs184\p1-rasterizer\src\svg.cpp(125,39): warning C4244: '인수': 'double'에서 'float'(으)로 변환하면서 데이터가 손실될 수 있습니다.
D:\cg_study\cs184\p1-rasterizer\src\svg.cpp(125,33): warning C4244: '인수': 'double'에서 'float'(으)로 변환하면서 데이터가 손실될 수 있습니다.
D:\cg_study\cs184\p1-rasterizer\src\svg.cpp(125,27): warning C4244: '인수': 'double'에서 'float'(으)로 변환하면서 데이터가 손실될 수 있습니다.
D:\cg_study\cs184\p1-rasterizer\src\svg.cpp(126,45): warning C4244: '인수': 'double'에서 'float'(으)로 변환하면서 데이터가 손실될 수 있습니다.
D:\cg_study\cs184\p1-rasterizer\src\svg.cpp(126,39): warning C4244: '인수': 'double'에서 'float'(으)로 변환하면서 데이터가 손실될 수 있습니다.
D:\cg_study\cs184\p1-rasterizer\src\svg.cpp(126,33): warning C4244: '인수': 'double'에서 'float'(으)로 변환하면서 데이터가 손실될 수 있습니다.
D:\cg_study\cs184\p1-rasterizer\src\svg.cpp(126,27): warning C4244: '인수': 'double'에서 'float'(으)로 변환하면서 데이터가 손실될 수 있습니다.
D:\cg_study\cs184\p1-rasterizer\src\svg.cpp(147,61): warning C4244: '인수': 'double'에서 'float'(으)로 변환하면서 데이터가 손실될 수 있습니다.
D:\cg_study\cs184\p1-rasterizer\src\svg.cpp(147,55): warning C4244: '인수': 'double'에서 'float'(으)로 변환하면서 데이터가 손실될 수 있습니다.
D:\cg_study\cs184\p1-rasterizer\src\svg.cpp(147,49): warning C4244: '인수': 'double'에서 'float'(으)로 변환하면서 데이터가 손실될 수 있습니다.
D:\cg_study\cs184\p1-rasterizer\src\svg.cpp(147,43): warning C4244: '인수': 'double'에서 'float'(으)로 변환하면서 데이터가 손실될 수 있습니다.
D:\cg_study\cs184\p1-rasterizer\src\svg.cpp(147,37): warning C4244: '인수': 'double'에서 'float'(으)로 변환하면서 데이터가 손실될 수 있습니다.
D:\cg_study\cs184\p1-rasterizer\src\svg.cpp(147,31): warning C4244: '인수': 'double'에서 'float'(으)로 변환하면서 데이터가 손실될 수 있습니다.
D:\cg_study\cs184\p1-rasterizer\src\svg.cpp(157,47): warning C4244: '인수': 'double'에서 'float'(으)로 변환하면서 데이터가 손실될 수 있습니다.
D:\cg_study\cs184\p1-rasterizer\src\svg.cpp(157,41): warning C4244: '인수': 'double'에서 'float'(으)로 변환하면서 데이터가 손실될 수 있습니다.
D:\cg_study\cs184\p1-rasterizer\src\svg.cpp(157,35): warning C4244: '인수': 'double'에서 'float'(으)로 변환하면서 데이터가 손실될 수 있습니다.
D:\cg_study\cs184\p1-rasterizer\src\svg.cpp(157,29): warning C4244: '인수': 'double'에서 'float'(으)로 변환하면서 데이터가 손실될 수 있습니다.
D:\cg_study\cs184\p1-rasterizer\src\svg.cpp(167,14): warning C4244: '초기화 중': 'double'에서 'int'(으)로 변환하면서 데이터가 손실될 수 있습니다.
D:\cg_study\cs184\p1-rasterizer\src\svg.cpp(168,16): warning C4244: '초기화 중': 'double'에서 'int'(으)로 변환하면서 데이터가 손실될 수 있습니다.
D:\cg_study\cs184\p1-rasterizer\src\svg.cpp(170,29): warning C4244: '인수': 'int'에서 'float'(으)로 변환하면서 데이터가 손실될 수 있습니다.
D:\cg_study\cs184\p1-rasterizer\src\svg.cpp(170,27): warning C4244: '인수': 'int'에서 'float'(으)로 변환하면서 데이터가 손실될 수 있습니다.
  main.cpp
D:\cg_study\cs184\p1-rasterizer\CGL\include\CGL\tinyexr.h(7605,11): warning C4244: '초기화 중': '__int64'에서 'int'(으)로 변환하면서 데이터가 손실될 수 있습니다.
D:\cg_study\cs184\p1-rasterizer\CGL\include\CGL\tinyexr.h(7884,17): warning C4244: '초기화 중': '__int64'에서 'int'(으)로 변환하면서 데이터가 손실될 수 있습니다.
D:\cg_study\cs184\p1-rasterizer\CGL\include\CGL\tinyexr.h(7895,17): warning C4244: '초기화 중': '__int64'에서 'int'(으)로 변환하면서 데이터가 손실될 수 있습니다.
D:\cg_study\cs184\p1-rasterizer\CGL\include\CGL\tinyexr.h(7955,11): warning C4244: '초기화 중': '__int64'에서 'int'(으)로 변환하면서 데이터가 손실될 수 있습니다.
D:\cg_study\cs184\p1-rasterizer\CGL\include\CGL\tinyexr.h(8007,48): warning C4334: '<<': 32비트 시프트의 결과가 암시적으로 64비트로 변환됩니다. 64비트 시프트를 사용하시겠습니까?
D:\cg_study\cs184\p1-rasterizer\CGL\include\CGL\tinyexr.h(8196,9): warning C4244: '초기화 중': '__int64'에서 'unsigned char'(으)로 변환하면서 데이터가 손실될 수 있습니다.
D:\cg_study\cs184\p1-rasterizer\CGL\include\CGL\tinyexr.h(8210,17): warning C4244: '초기화 중': '__int64'에서 'int'(으)로 변환하면서 데이터가 손실될 수 있습니다.
D:\cg_study\cs184\p1-rasterizer\CGL\include\CGL\tinyexr.h(8223,15): warning C4244: '초기화 중': '__int64'에서 'unsigned char'(으)로 변환하면서 데이터가 손실될 수 있습니다.
D:\cg_study\cs184\p1-rasterizer\CGL\include\CGL\tinyexr.h(8250,7): warning C4244: '초기화 중': '__int64'에서 'unsigned char'(으)로 변환하면서 데이터가 손실될 수 있습니다.
D:\cg_study\cs184\p1-rasterizer\CGL\include\CGL\tinyexr.h(8900,1): warning C4996: 'strdup': The POSIX name for this item is deprecated. Instead, use the ISO C and C++ conformant name: _strdup. See online help for details.
C:\Program Files (x86)\Windows Kits\10\Include\10.0.18362.0\ucrt\string.h(536): message : 'strdup' 선언을 참조하십시오.
D:\cg_study\cs184\p1-rasterizer\CGL\include\CGL\tinyexr.h(8901,1): warning C4996: 'strdup': The POSIX name for this item is deprecated. Instead, use the ISO C and C++ conformant name: _strdup. See online help for details.
C:\Program Files (x86)\Windows Kits\10\Include\10.0.18362.0\ucrt\string.h(536): message : 'strdup' 선언을 참조하십시오.
D:\cg_study\cs184\p1-rasterizer\CGL\include\CGL\tinyexr.h(9021,1): warning C4996: 'fopen': This function or variable may be unsafe. Consider using fopen_s instead. To disable deprecation, use _CRT_SECURE_NO_WARNINGS. See online help for details.
C:\Program Files (x86)\Windows Kits\10\Include\10.0.18362.0\ucrt\stdio.h(208): message : 'fopen' 선언을 참조하십시오.
D:\cg_study\cs184\p1-rasterizer\CGL\include\CGL\tinyexr.h(10103,26): warning C4244: '초기화 중': 'unsigned __int64'에서 'unsigned int'(으)로 변환하면서 데이터가 손실될 수 있습니다.
D:\cg_study\cs184\p1-rasterizer\CGL\include\CGL\tinyexr.h(10163,1): warning C4996: 'fopen': This function or variable may be unsafe. Consider using fopen_s instead. To disable deprecation, use _CRT_SECURE_NO_WARNINGS. See online help for details.
C:\Program Files (x86)\Windows Kits\10\Include\10.0.18362.0\ucrt\stdio.h(208): message : 'fopen' 선언을 참조하십시오.
D:\cg_study\cs184\p1-rasterizer\CGL\include\CGL\tinyexr.h(10421,43): warning C4244: '인수': '__int64'에서 'unsigned long'(으)로 변환하면서 데이터가 손실될 수 있습니다.
D:\cg_study\cs184\p1-rasterizer\CGL\include\CGL\tinyexr.h(10429,43): warning C4244: '인수': '__int64'에서 'const unsigned int'(으)로 변환하면서 데이터가 손실될 수 있습니다.
D:\cg_study\cs184\p1-rasterizer\CGL\include\CGL\tinyexr.h(10433,28): warning C4244: '초기화 중': '__int64'에서 'unsigned long'(으)로 변환하면서 데이터가 손실될 수 있습니다.
D:\cg_study\cs184\p1-rasterizer\CGL\include\CGL\tinyexr.h(10436,21): warning C4244: '인수': '__int64'에서 'unsigned long'(으)로 변환하면서 데이터가 손실될 수 있습니다.
D:\cg_study\cs184\p1-rasterizer\CGL\include\CGL\tinyexr.h(10481,61): warning C4244: '인수': 'unsigned __int64'에서 'const unsigned int'(으)로 변환하면서 데이터가 손실될 수 있습니다.
D:\cg_study\cs184\p1-rasterizer\CGL\include\CGL\tinyexr.h(10489,51): warning C4244: '인수': 'unsigned __int64'에서 'const unsigned int'(으)로 변환하면서 데이터가 손실될 수 있습니다.
D:\cg_study\cs184\p1-rasterizer\CGL\include\CGL\tinyexr.h(10497,53): warning C4244: '인수': 'unsigned __int64'에서 'const unsigned int'(으)로 변환하면서 데이터가 손실될 수 있습니다.
D:\cg_study\cs184\p1-rasterizer\CGL\include\CGL\tinyexr.h(10193,1): warning C4996: 'fopen': This function or variable may be unsafe. Consider using fopen_s instead. To disable deprecation, use _CRT_SECURE_NO_WARNINGS. See online help for details.
C:\Program Files (x86)\Windows Kits\10\Include\10.0.18362.0\ucrt\stdio.h(208): message : 'fopen' 선언을 참조하십시오.
D:\cg_study\cs184\p1-rasterizer\CGL\include\CGL\tinyexr.h(10533,1): warning C4996: 'fopen': This function or variable may be unsafe. Consider using fopen_s instead. To disable deprecation, use _CRT_SECURE_NO_WARNINGS. See online help for details.
C:\Program Files (x86)\Windows Kits\10\Include\10.0.18362.0\ucrt\stdio.h(208): message : 'fopen' 선언을 참조하십시오.
D:\cg_study\cs184\p1-rasterizer\CGL\include\CGL\tinyexr.h(10839,1): warning C4996: 'fopen': This function or variable may be unsafe. Consider using fopen_s instead. To disable deprecation, use _CRT_SECURE_NO_WARNINGS. See online help for details.
C:\Program Files (x86)\Windows Kits\10\Include\10.0.18362.0\ucrt\stdio.h(208): message : 'fopen' 선언을 참조하십시오.
D:\cg_study\cs184\p1-rasterizer\CGL\include\CGL\tinyexr.h(11008,1): warning C4996: 'strdup': The POSIX name for this item is deprecated. Instead, use the ISO C and C++ conformant name: _strdup. See online help for details.
C:\Program Files (x86)\Windows Kits\10\Include\10.0.18362.0\ucrt\string.h(536): message : 'strdup' 선언을 참조하십시오.
D:\cg_study\cs184\p1-rasterizer\CGL\include\CGL\tinyexr.h(11009,1): warning C4996: 'strdup': The POSIX name for this item is deprecated. Instead, use the ISO C and C++ conformant name: _strdup. See online help for details.
C:\Program Files (x86)\Windows Kits\10\Include\10.0.18362.0\ucrt\string.h(536): message : 'strdup' 선언을 참조하십시오.
D:\cg_study\cs184\p1-rasterizer\src\svg.h(182,23): warning C4018: '<': signed 또는 unsigned가 일치하지 않습니다.
D:\cg_study\cs184\p1-rasterizer\src\drawrend.h(106,18): warning C4244: '=': 'float'에서 '_Ty'(으)로 변환하면서 데이터가 손실될 수 있습니다.
          with
          [
              _Ty=unsigned char
          ]
D:\cg_study\cs184\p1-rasterizer\src\drawrend.h(107,18): warning C4244: '=': 'float'에서 '_Ty'(으)로 변환하면서 데이터가 손실될 수 있습니다.
          with
          [
              _Ty=unsigned char
          ]
D:\cg_study\cs184\p1-rasterizer\src\drawrend.h(108,18): warning C4244: '=': 'float'에서 '_Ty'(으)로 변환하면서 데이터가 손실될 수 있습니다.
          with
          [
              _Ty=unsigned char
          ]
D:\cg_study\cs184\p1-rasterizer\src\drawrend.h(113,25): warning C4018: '<': signed 또는 unsigned가 일치하지 않습니다.
D:\cg_study\cs184\p1-rasterizer\src\drawrend.h(114,27): warning C4018: '<': signed 또는 unsigned가 일치하지 않습니다.
D:\cg_study\cs184\p1-rasterizer\src\drawrend.h(125,27): warning C4018: '<': signed 또는 unsigned가 일치하지 않습니다.
D:\cg_study\cs184\p1-rasterizer\src\drawrend.h(126,29): warning C4018: '<': signed 또는 unsigned가 일치하지 않습니다.
D:\cg_study\cs184\p1-rasterizer\src\drawrend.h(135,25): warning C4018: '<': signed 또는 unsigned가 일치하지 않습니다.
D:\cg_study\cs184\p1-rasterizer\src\drawrend.h(138,25): warning C4018: '<': signed 또는 unsigned가 일치하지 않습니다.
D:\cg_study\cs184\p1-rasterizer\src\drawrend.h(149,23): warning C4018: '<': signed 또는 unsigned가 일치하지 않습니다.
D:\cg_study\cs184\p1-rasterizer\src\drawrend.h(150,25): warning C4018: '<': signed 또는 unsigned가 일치하지 않습니다.
D:\cg_study\cs184\p1-rasterizer\src\drawrend.h(153,62): warning C4244: '=': 'float'에서 '_Ty'(으)로 변환하면서 데이터가 손실될 수 있습니다.
          with
          [
              _Ty=unsigned char
          ]
  코드를 생성하고 있습니다...
cl : 명령줄 warning D9002: 알 수 없는 '-std=c++11' 옵션을 무시합니다.
  dirent.c
D:\cg_study\cs184\p1-rasterizer\src\dirent\dirent.c(45,1): warning C4996: 'strcat': This function or variable may be unsafe. Consider using strcat_s instead. To disable deprecation, use _CRT_SECURE_NO_WARNINGS. See online help for details.
C:\Program Files (x86)\Windows Kits\10\Include\10.0.18362.0\ucrt\string.h(90): message : 'strcat' 선언을 참조하십시오.
LINK : warning LNK4098: 'MSVCRT' defaultlib가 다른 라이브러리와 충돌합니다. /NODEFAULTLIB:library를 사용하십시오.
  draw.vcxproj -> D:\cg_study\cs184\p1-rasterizer\build\Debug\draw.exe
